0:100  0:100  MemLog inited, TSC freq: 2992478169
0:100  0:000  CPU was calibrated with ACPI PM Timer
0:100  0:000  LegacyRegion2: Chipset/proc: 0x29B08086
0:100  0:000   Intel Series 4 and similar (PAM 0x90-0x96)
0:100  0:000   Test PAM1=(0x41=50, 0x5a=00, 0x81=00, 0x91=11) at chipset 29B08086
0:100  0:000  , Install = Success
0:110  0:010  BiosVideoDriverBindingStart!
0:110  0:000  BiosVideoCheckForVbe
0:110  0:000  EdidOverride not found
0:337  0:226   Edid1-
0:565  0:227   Edid0-
0:577  0:012     0 640x480 attr=3BF - ok, 640x480, working, highest, pref=0
0:577  0:000     1 800x600 attr=3BF - ok, 800x600, working, highest, pref=1
0:578  0:000     2 1024x768 attr=3BF - ok, 1024x768, working, highest, pref=2
0:578  0:000     3 1280x1024 attr=3BF - ok
0:581  0:002     4 1600x1200 attr=3BF - ok
0:581  0:000  BV new mode: 2 1024x768
0:821  0:239   SetMode pref 2 (2) = Success
4:539  3:718  
4:539  0:000  Now is 19.9.2018,  14:52:33 (GMT)
4:539  0:000  Starting Clover revision: 4606 on CLOVER EFI
4:539  0:000  Build with: [Args: -x64 | --conf=/Volumes/Data/hackintosh/KextAndToolScripts/SourceCode/edk2/Conf -D USE_LOW_EBDA -a X64 -b RELEASE -t XCODE8 -n 9 | OS: 10.13.5 | XCODE: 9.3]
4:539  0:000  SelfDevicePath=PcieRoot(0x0)\Pci(0x1A,0x7)\USB(0x2,0x0)\HD(1,GPT,FC5BEBF2-40EC-47B7-B45D-79CC19D3ADA0,0x28,0x64000) @BE6FB118
4:539  0:000  SelfDirPath = \EFI\CLOVER
4:539  0:000  === [ Get Smbios ] ========================================
4:539  0:000  Type 16 Index = 0
4:540  0:000  Total Memory Slots Count = 4
4:540  0:000  Type 17 Index = 0
4:540  0:000  SmbiosTable.Type17->Speed = 800MHz
4:540  0:000  SmbiosTable.Type17->Size = 2048MB
4:540  0:000  SmbiosTable.Type17->Bank/Device =  DIMM_1
4:540  0:000  SmbiosTable.Type17->Vendor = 0000000000000000
4:540  0:000  SmbiosTable.Type17->SerialNumber = AC45EC1D
4:540  0:000  SmbiosTable.Type17->PartNumber = Kllisre DDR2 2G   
4:540  0:000  Type 17 Index = 1
4:540  0:000  SmbiosTable.Type17->Speed = 800MHz
4:540  0:000  SmbiosTable.Type17->Size = 1024MB
4:540  0:000  SmbiosTable.Type17->Bank/Device =  DIMM_3
4:540  0:000  SmbiosTable.Type17->Vendor = CE00000000000000
4:540  0:000  SmbiosTable.Type17->SerialNumber = 794218DE
4:540  0:000  SmbiosTable.Type17->PartNumber = M3 78T2953EZ3-CF7 
4:540  0:000  Type 17 Index = 2
4:540  0:000  SmbiosTable.Type17->Speed = 800MHz
4:540  0:000  SmbiosTable.Type17->Size = 2048MB
4:540  0:000  SmbiosTable.Type17->Bank/Device =  DIMM_2
4:540  0:000  SmbiosTable.Type17->Vendor = 0000000000000000
4:540  0:000  SmbiosTable.Type17->SerialNumber = AC45EC1D
4:540  0:000  SmbiosTable.Type17->PartNumber = Kllisre DDR2 2G   
4:540  0:000  Type 17 Index = 3
4:540  0:000  SmbiosTable.Type17->Speed = 800MHz
4:540  0:000  SmbiosTable.Type17->Size = 1024MB
4:540  0:000  SmbiosTable.Type17->Bank/Device =  DIMM_4
4:540  0:000  SmbiosTable.Type17->Vendor = CE00000000000000
4:540  0:000  SmbiosTable.Type17->SerialNumber = 7942197B
4:540  0:000  SmbiosTable.Type17->PartNumber = M3 78T2953EZ3-CF7 
4:540  0:000  Boot status=0
4:540  0:000  Running on: 'OptiPlex 755 ' with board '0DR845'
4:540  0:000  === [ GetCPUProperties ] ==================================
4:540  0:000  CPU Vendor = 756E6547 Model=1067A
4:540  0:000   The CPU supported SSE4.1
4:540  0:000  BrandString = Intel(R) Core(TM)2 Duo CPU     E8400  @ 3.00GHz
4:540  0:000  got cores from CPUID_1 = 2
4:540  0:000   The CPU not supported turbo
4:540  0:000  MSR dumps:
4:540  0:000  	@0x00CD=80000804
4:540  0:000  	@0x0198=616092206000922
4:540  0:000  FSBFrequency = 578 MHz, DMI FSBFrequency = 1333 MHz, Corrected FSBFrequency = 1333 MHz
4:540  0:000  MaxDiv/MinDiv: 9.0/6
4:540  0:000  Turbo: 10/0/0/0
4:540  0:000  Features: 0xBFEBFBFF
4:540  0:000  Threads: 2
4:540  0:000  Cores: 2
4:540  0:000  FSB: 1333 MHz
4:540  0:000  CPU: 5200 MHz
4:540  0:000  TSC: 5200 MHz
4:540  0:000  PIS: 5333 MHz
4:540  0:000  ExternalClock: 1333 MHz
4:540  0:000  === [ GetDevices ] ========================================
4:540  0:000  PCI (00|00:00.00) : 8086 29B0 class=060000
4:540  0:000  PCI (00|00:01.00) : 8086 29B1 class=060400
4:540  0:000  PCI (00|01:00.00) : 10DE 0421 class=030000
4:540  0:000   - GFX: Model=Gigabyte GeForce 8500 GT family 86 (Nvidia)
4:540  0:000  PCI (00|00:19.00) : 8086 10BD class=020000
4:540  0:000   - LAN: 0 Vendor=Intel
4:540  0:000  PCI (00|00:1A.00) : 8086 2937 class=0C0300
4:540  0:000  PCI (00|00:1A.01) : 8086 2938 class=0C0300
4:540  0:000  PCI (00|00:1A.07) : 8086 293C class=0C0320
4:540  0:000  PCI (00|00:1B.00) : 8086 293E class=040300
4:540  0:000  PCI (00|00:1C.00) : 8086 2940 class=060400
4:540  0:000  PCI (00|00:1D.00) : 8086 2934 class=0C0300
4:540  0:000  PCI (00|00:1D.01) : 8086 2935 class=0C0300
4:540  0:000  PCI (00|00:1D.02) : 8086 2936 class=0C0300
4:540  0:000  PCI (00|00:1D.07) : 8086 293A class=0C0320
4:540  0:000  PCI (00|00:1E.00) : 8086 244E class=060401
4:540  0:000  PCI (00|00:1F.00) : 8086 2914 class=060100
4:540  0:000  PCI (00|00:1F.02) : 8086 2922 class=010601
4:540  0:000  PCI (00|00:1F.03) : 8086 2930 class=0C0500
4:540  0:000  === [ GetDefaultSettings ] ================================
4:540  0:000  Clover load options size = 0 bytes
4:600  0:059  EFI\CLOVER\config.plist loaded: Success
4:604  0:004  === [ GetListOfThemes ] ===================================
4:633  0:028  - [00]: random
4:660  0:027  - [00]: embedded
4:688  0:027  - [00]: startup-manager
4:730  0:042  === [ Found config plists ] ===============================
4:743  0:012  - config.plist
4:743  0:000  === [ GetEarlyUserSettings ] ==============================
4:743  0:000  timeout set to -1
4:743  0:000  Custom boot CUSTOM_BOOT_DISABLED (0x0)
4:743  0:000  KextsToPatch: 10 requested
4:743  0:000   - [00]: AppleAHCIPort (Make all drives to be internal) :: BinPatch :: data len: 8
4:743  0:000   - patch disabled at config
4:743  0:000   - [01]: IOAHCIBlockStorage (TRIM function for non-Apple SSDs) :: BinPatch :: data len: 10
4:743  0:000   - patch disabled at config
4:743  0:000   - [02]: AppleAHCIPort (ICHx fix) :: MatchOS: 10.13.x :: BinPatch :: data len: 4
4:743  0:000   - [03]: AppleHDA (patch Sound Assertions) :: BinPatch :: data len: 16
4:743  0:000   - patch disabled at config
4:743  0:000   - [04]: AppleHDA (XML -> ZML) :: BinPatch :: data len: 6
4:743  0:000   - [05]: AppleHDA (1) :: BinPatch :: data len: 8
4:743  0:000   - [06]: AppleHDA (2) :: BinPatch :: data len: 8
4:743  0:000   - [07]: AppleHDA (3) :: BinPatch :: data len: 4
4:743  0:000   - [08]: AppleHDA (4) :: BinPatch :: data len: 4
4:743  0:000   - [09]: AppleHDA (5) :: BinPatch :: data len: 4
4:744  0:000  Default theme: startup-manager
4:744  0:000  === [ LoadDrivers ] =======================================
4:801  0:057  Loading UsbMassStorageDxe.efi  status=Success
4:801  0:000   - driver needs connecting
4:801  0:000  Loading SataControllerDxe.efi  status=Success
4:801  0:000   - driver needs connecting
4:801  0:000  Loading HashServiceFix-64.efi  status=Success
4:801  0:000  Loading EhciDxe.efi  status=Success
4:801  0:000   - driver needs connecting
4:801  0:000  Loading UsbKbDxe.efi  status=Success
4:801  0:000   - driver needs connecting
4:801  0:000  Loading ApfsDriverLoader-64.efi  status=Success
4:815  0:013   - driver needs connecting
4:815  0:000  Loading UsbBusDxe.efi  status=Success
4:815  0:000   - driver needs connecting
4:815  0:000  Loading AppleImageCodec-64.efi  status=Success
4:830  0:014  Loading AppleKeyAggregator-64.efi  status=Success
4:857  0:027  Loading VBoxIso9600-64.efi  status=Success
4:857  0:000   - driver needs connecting
4:857  0:000  Loading AppleUISupport-64.efi  status=Success
4:871  0:014  Loading AppleUITheme-64.efi  status=Success
4:871  0:000  Loading FirmwareVolume-64.efi  status=Success
4:886  0:014  Loading PartitionDxe.efi  status=Success
4:886  0:000   - driver needs connecting
4:886  0:000  Loading UhciDxe.efi  status=Success
4:900  0:014   - driver needs connecting
4:900  0:000  Loading FSInject-64.efi  status=Success
4:900  0:000  Loading GrubISO9660-64.efi  status=Success
4:915  0:014   - driver needs connecting
4:915  0:000  Loading SMCHelper-64.efi  status=Success
4:929  0:014  10 drivers needs connecting ...
4:929  0:000  PlatformDriverOverrideProtocol->GetDriver overriden
4:929  0:000  Partition driver loaded: 
4:929  0:000  APFS driver loaded
5:333  0:404  === [ InitScreen ] ========================================
5:333  0:000  SetScreenResolution: 1680x1050 - not found!
5:333  0:000  Console modes reported: 4, available modes:
5:333  0:000   - [01]: 80x25
5:333  0:000   - [03]: 100x31
5:333  0:000   - [04]: 128x40 (current mode)
5:333  0:000  SetScreenResolution: 1024x768 - already set
5:333  0:000  reinit: self device path=PcieRoot(0x0)\Pci(0x1A,0x7)\USB(0x2,0x0)\HD(1,GPT,FC5BEBF2-40EC-47B7-B45D-79CC19D3ADA0,0x28,0x64000)
5:333  0:000  === [ GetMacAddress ] =====================================
5:333  0:000  === [ ScanSPD ] ===========================================
5:334  0:000  SMBus device : 8086 2930 class=0C0500 status=Success
5:334  0:000  SMBus CmdReg: 0x103
5:334  0:000  Scanning SMBus [8086:2930], mmio: 0xFEBD9B04, ioport: 0xECE0, hostc: 0x1
5:334  0:000  Slots to scan [8]...
5:334  0:000  SPD[0]: Type 8 @0x50
5:347  0:013  DDR speed 800MHz
5:347  0:000  Slot: 0 Type 19 2048MB 800MHz Vendor=NoName PartNo=KllisreDDR22G SerialNo=0A0C04050E0C010D
5:348  0:000  SPD[1]: Type 8 @0x51
5:362  0:013  DDR speed 800MHz
5:362  0:000  Slot: 1 Type 19 1024MB 800MHz Vendor=Samsung PartNo=M378T2953EZ3-CF73E SerialNo=0709040201080D0E
5:362  0:000  SPD[2]: Type 8 @0x52
5:375  0:013  DDR speed 800MHz
5:375  0:000  Slot: 2 Type 19 2048MB 800MHz Vendor=NoName PartNo=KllisreDDR22G SerialNo=0A0C04050E0C010D
5:376  0:000  SPD[3]: Type 8 @0x53
5:389  0:013  DDR speed 800MHz
5:389  0:000  Slot: 3 Type 19 1024MB 800MHz Vendor=Samsung PartNo=M378T2953EZ3-CF73E SerialNo=070904020109070B
5:390  0:000  === [ GetAcpiTablesList ] =================================
5:395  0:004  Get Acpi Tables List from RSDT:
5:395  0:000   - [00]: FACP  B9K     len=116
5:395  0:000   - [01]: SSDT  st_ex len=170
5:395  0:000   - [02]: BOOT  B9K     len=40
5:395  0:000   - [03]: ASF!  B9K     len=150
5:395  0:000   - [04]: MCFG  B9K     len=62
5:395  0:000   - [05]: HPET  B9K     len=56
5:395  0:000   - [06]: DMAR  B9K     len=168
5:395  0:000   - [07]: TCPA  B9K     len=50
5:395  0:000   - [08]: APIC  B9K     len=146
5:395  0:000   - [09]: SLIC  B9K     len=374
5:395  0:000   - [10]: SSDT  Cpu0Ist len=505
5:395  0:000   - [11]: SSDT  Cpu1Ist len=505
5:395  0:000   - [12]: SSDT  CpuPm len=320
5:395  0:000  Calibrated TSC Frequency = 2992478169 = 2992MHz
5:395  0:000  === [ GetUserSettings ] ===================================
5:395  0:000  Add 14 devices:
5:395  0:000   - [00]: [00:1B.00]  (Inject HDA properties)
5:395  0:000   - [01]: [00:19.00]  (Inject LAN properties)
5:395  0:000   - [02]: no PciAddr
5:395  0:000   - [03]: no PciAddr
5:395  0:000   - [04]: [00:1F.00]  (LPC)
5:395  0:000   - [05]: [00:1D.07]  (EHC #1)
5:395  0:000   - [06]: [00:1A.07]  (EHC #2)
5:395  0:000   - [07]: [00:1D.00]  (UHC #1)
5:395  0:000   - [08]: [00:1D.01]  (UHC #2)
5:395  0:000   - [09]: [00:1D.02]  (UHC #3)
5:395  0:000   - [10]: [00:1A.00]  (UHC #4)
5:395  0:000   - [11]: [00:1A.01]  (UHC #5)
5:395  0:000   - [12]: [00:1A.02]  (UHC #6)
5:395  0:000   - [13]: [00:1D.03]  (UHC #7)
5:395  0:000  USB FixOwnership: yes
5:395  0:000  Dropping 12 tables:
5:395  0:000   - [00]: Drop table  signature="APIC" (43495041)
5:395  0:000           - set table: 43495041,                0 to drop: yes
5:395  0:000   - [01]: Drop table  signature="ASF!" (21465341)
5:395  0:000           - set table: 21465341,                0 to drop: yes
5:395  0:000   - [02]: Drop table  signature="BOOT" (544F4F42)
5:395  0:000           - set table: 544F4F42,                0 to drop: yes
5:395  0:000   - [03]: Drop table  signature="DMAR" (52414D44)
5:395  0:000           - set table: 52414D44,                0 to drop: yes
5:395  0:000   - [04]: Drop table  signature="HPET" (54455048)
5:395  0:000           - set table: 54455048,                0 to drop: yes
5:395  0:000   - [05]: Drop table  signature="MCFG" (4746434D)
5:395  0:000           - set table: 4746434D,                0 to drop: yes
5:395  0:000   - [06]: Drop table  signature="SLIC" (43494C53)
5:395  0:000           - set table: 43494C53,                0 to drop: yes
5:395  0:000   - [07]: Drop table  signature="TCPA" (41504354)
5:395  0:000           - set table: 41504354,                0 to drop: yes
5:395  0:000   - [08]: Drop table  signature="SSDT" (54445353) table-id="st_ex" (00000078655F7473)
5:395  0:000           - set table: 54445353,       78655F7473 to drop: yes
5:395  0:000   - [09]: Drop table  signature="SSDT" (54445353) table-id="Cpu0Ist" (0074734930757043)
5:395  0:000           - set table: 54445353,   74734930757043 to drop: yes
5:395  0:000   - [10]: Drop table  signature="SSDT" (54445353) table-id="Cpu1Ist" (0074734931757043)
5:395  0:000           - set table: 54445353,   74734931757043 to drop: yes
5:395  0:000   - [11]: Drop table  signature="SSDT" (54445353) table-id="CpuPm" (0000006D50757043)
5:395  0:000           - set table: 54445353,       6D50757043 to drop: yes
5:395  0:000   - final DSDT Fix mask=10020000
5:395  0:000  PatchesDSDT: 1 requested
5:395  0:000   - [00]: (Rename HDEF to AZAL) lenToFind: 4, lenToReplace: 4, Target Bridge: <null string>
5:395  0:000    patch disabled at config
5:395  0:000  EnableC6: no
5:395  0:000  EnableC4: yes
5:395  0:000  EnableC2: yes
5:395  0:000  C3Latency: 0
5:395  0:000  smartUPS: present
5:395  0:000  Using ProductName from config: iMac10,1
5:395  0:000  BiosVersion: not set, Using BiosVersion from clover
5:395  0:000  BiosVersion: IM101.88Z.00D0.B00.1802021905
5:395  0:000  BiosReleaseDate: 02/02/18
5:395  0:000  Using FirmwareFeatures from clover: 0xE00DE137
5:395  0:000  Using FirmwareFeaturesMask from clover: 0xFF1FFF3F
5:395  0:000  PlatformFeature will not set in SMBIOS
5:395  0:000  CpuFreq: 3000MHz
5:409  0:014  === [ Found DSDT tables ] =================================
5:423  0:014  - DSDT.aml
6:041  0:617  === [ ScanVolumes ] =======================================
6:041  0:000  Found 9 volumes with blockIO
6:041  0:000  - [00]: Volume: PcieRoot(0x0)\Pci(0x1A,0x7)\USB(0x2,0x0)
6:052  0:011          Result of bootcode detection: bootable unknown (legacy)
6:052  0:000          USB volume
6:052  0:000  - [01]: Volume: PcieRoot(0x0)\Pci(0x1A,0x7)\USB(0x2,0x0)\HD(1,GPT,FC5BEBF2-40EC-47B7-B45D-79CC19D3ADA0,0x28,0x64000)
6:064  0:011          Result of bootcode detection: bootable unknown (legacy)
6:064  0:000          USB volume
6:064  0:000          This is SelfVolume !!
6:064  0:000  - [02]: Volume: PcieRoot(0x0)\Pci(0x1A,0x7)\USB(0x2,0x0)\HD(2,GPT,17AFDD6A-1C9E-4C4C-8BC4-9B72CB213C73,0x64028,0x3AE7FB0)
6:076  0:011          USB volume
6:076  0:000  - [03]: Volume: PcieRoot(0x0)\Pci(0x1F,0x2)\Sata(0x0,0x0,0x0)
6:076  0:000          Result of bootcode detection: bootable Linux (grub,linux)
6:076  0:000  - [04]: Volume: PcieRoot(0x0)\Pci(0x1F,0x2)\Sata(0x0,0x0,0x0)\HD(1,GPT,0DE86DB6-1CC6-4E10-AE67-D93246235F69,0x28,0x64000)
6:076  0:000          Result of bootcode detection: bootable unknown (legacy)
6:108  0:032  - [05]: Volume: PcieRoot(0x0)\Pci(0x1F,0x2)\Sata(0x0,0x0,0x0)\HD(2,GPT,B0F7695C-16C7-45A1-8B24-638536E60669,0x64028,0x950AD30)
6:109  0:000  - [06]: Volume: PcieRoot(0x0)\Pci(0x1F,0x2)\Sata(0x0,0x0,0x0)\HD(3,GPT,02B33C20-9704-4D8C-918C-CBF3F9066EB6,0x95AED58,0x93D4E18)
6:109  0:000  - [07]: Volume: PcieRoot(0x0)\Pci(0x1F,0x2)\Sata(0x0,0x0,0x0)\HD(4,GPT,003AFACB-B136-40A9-9772-E76FE5BF1A5F,0x12983B70,0x135F20)
6:109  0:000  - [08]: Volume: PcieRoot(0x0)\Pci(0x1F,0x2)\Sata(0x0,0x0,0x0)\HD(5,GPT,F2B5428C-C321-4BC7-80A9-FD7BA91B684C,0x12AB9A90,0x1283F0AF)
6:184  0:075  Loading nvram.plist from Vol 'EFI' - loaded, size=2468
6:208  0:023  === [ PutNvramPlistToRtVars ] =============================
6:208  0:000   Adding Key: EFILoginHiDPI: Size = 4, Data: 00 00 00 00 
6:208  0:000   Adding Key: SystemAudioVolume: Size = 1, Data: 22 
6:208  0:000   Adding Key: SystemAudioVolumeDB: Size = 1, Data: F9 
6:208  0:000   Adding Key: csr-active-config: Size = 4, Data: E7 03 00 00 
6:208  0:000   Adding Key: efi-boot-device: Size = 216, Data: 3C 61 72 72 61 79 3E 3C 64 69 63 74 3E 3C 6B 65 79 3E 49 4F 4D 61 74 63 68 3C 2F 6B 65 79 3E 3C 64 69 63 74 3E 3C 6B 65 79 3E 49 4F 50 72 6F 76 69 64 65 72 43 6C 61 73 73 3C 2F 6B 65 79 3E 3C 73 74 72 69 6E 67 3E 49 4F 4D 65 64 69 61 3C 2F 73 74 72 69 6E 67 3E 3C 6B 65 79 3E 49 4F 50 72 6F 70 65 72 74 79 4D 61 74 63 68 3C 2F 6B 65 79 3E 3C 64 69 63 74 3E 3C 6B 65 79 3E 55 55 49 44 3C 2F 6B 65 79 3E 3C 73 74 72 69 6E 67 3E 46 32 42 35 34 32 38 43 2D 43 33 32 31 2D 34 42 43 37 2D 38 30 41 39 2D 46 44 37 42 41 39 31 42 36 38 34 43 3C 2F 73 74 72 69 6E 67 3E 3C 2F 64 69 63 74 3E 3C 2F 64 69 63 74 3E 3C 2F 64 69 63 74 3E 3C 2F 61 72 72 61 79 3E 
6:208  0:000   Adding Key: efi-boot-device-data: Size = 85, Data: 02 01 0C 00 D0 41 08 0A 00 00 00 00 01 01 06 00 02 03 01 04 15 00 C5 FA 31 CF 4E C2 D2 11 85 F3 00 A0 C9 3E C9 3B 80 04 01 2A 00 03 00 00 00 90 9A AB 12 00 00 00 00 D8 F0 83 12 00 00 00 00 8C 42 B5 F2 21 C3 C7 4B 80 A9 FD 7B A9 1B 68 4C 02 02 7F FF 04 00 
6:208  0:000   Adding Key: fakesmc-key-#KEY-ui32: Size = 4, Data: 00 00 00 16 
6:208  0:000   Adding Key: fakesmc-key-$Adr-ui32: Size = 4, Data: 00 00 03 00 
6:208  0:000   Adding Key: fakesmc-key-$Num-ui8: Size = 1, Data: 01 
6:208  0:000   Adding Key: fakesmc-key-BATP-flag: Size = 1, Data: 00 
6:208  0:000   Adding Key: fakesmc-key-BEMB-flag: Size = 1, Data: 00 
6:208  0:000   Adding Key: fakesmc-key-BNum-ui8: Size = 1, Data: 00 
6:208  0:000   Adding Key: fakesmc-key-CLKH-{clh: Size = 8, Data: 00 00 70 80 00 01 19 40 
6:208  0:000   Adding Key: fakesmc-key-CLKT-ui32: Size = 4, Data: 00 01 1E 07 
6:208  0:000   Adding Key: fakesmc-key-EPCI-ui32: Size = 4, Data: 02 B0 07 00 
6:208  0:000   Adding Key: fakesmc-key-MSAc-ui16: Size = 2, Data: 00 00 
6:208  0:000   Adding Key: fakesmc-key-MSDW-ui8: Size = 1, Data: 01 
6:208  0:000   Adding Key: fakesmc-key-MSFW-ui8: Size = 2, Data: 01 00 
6:208  0:000   Adding Key: fakesmc-key-MSPS-ui16: Size = 2, Data: 00 03 
6:208  0:000   Adding Key: fakesmc-key-MSTc-ui8: Size = 1, Data: 00 
6:208  0:000   Adding Key: fakesmc-key-MSWr-ui8: Size = 1, Data: 00 
6:208  0:000   Adding Key: fakesmc-key-NATJ-ui8: Size = 1, Data: 00 
6:208  0:000   Adding Key: fakesmc-key-NATi-ui16: Size = 2, Data: 00 00 
6:208  0:000   Adding Key: fakesmc-key-NTOK-ui8: Size = 1, Data: 01 
6:208  0:000   Adding Key: fakesmc-key-RBr -ch8*: Size = 8, Data: 6B 32 32 6B 32 33 00 00 
6:208  0:000   Adding Key: fakesmc-key-REV -ch8*: Size = 6, Data: 01 53 0F 00 00 13 
6:208  0:000   Adding Key: fakesmc-key-RMde-char: Size = 1, Data: 41 
6:208  0:000   Adding Key: fakesmc-key-RPlt-ch8*: Size = 8, Data: 6B 32 33 00 00 00 00 00 
6:208  0:000   Adding Key: flagstate: Size = 32, Data: 00 00 00 00 00 00 00 00 00 00 00 00 00 00 00 00 00 00 00 00 00 00 00 00 00 00 00 00 00 00 00 00 
6:208  0:000   Adding Key: fmm-computer-name: Size = 17, Data: 69 4D 61 63 C2 A0 E2 80 94 20 64 65 6E 73 6B 6F 70 
6:208  0:000   Adding Key: prev-lang:kbd: Size = 4, Data: 72 75 3A 30 
6:208  0:000   Adding Key: security-mode: String: Size = 4, Val = 'none'
6:208  0:000  === [ InitTheme ] =========================================
6:228  0:020  Using theme 'startup-manager' (EFI\CLOVER\themes\startup-manager)
6:228  0:000  Warning! Character width 9 should be even!
6:246  0:017  Loading font from ThemeDir: Success
6:246  0:000  Chosen theme startup-manager
6:246  0:000  after NVRAM boot-args=-v
6:246  0:000  === [ Dump SMC keys from NVRAM ] ==========================
6:246  0:000  found AppleSMC protocol
6:246  0:000  Registered 22 SMC keys
6:246  0:000  === [ ScanLoader ] ========================================
6:246  0:000  - [01]: 'EFI'
6:544  0:298          AddLoaderEntry for Volume Name=EFI
6:544  0:000          skipped because entry is hidden
6:544  0:000  - [02]: 'Install macOS High Sierra'
6:591  0:046          AddLoaderEntry for Volume Name=Install macOS High Sierra
14:082  7:490  using VolumeIcon.icns image from Volume
14:118  0:036  - [04]: 'EFI'
14:174  0:055          AddLoaderEntry for Volume Name=EFI
14:174  0:000          skipped because entry is hidden
14:174  0:000  - [05]: 'Lion'
14:211  0:036          AddLoaderEntry for Volume Name=Lion
14:226  0:014      Check if volume Is Hibernated:
14:226  0:000          [!] Icon 17 (icons\vol_internal_hfs.icns) not found (path: EFI\CLOVER\themes\startup-manager)
14:253  0:027  - [06]: 'Maverics'
14:297  0:043          AddLoaderEntry for Volume Name=Maverics
14:304  0:007      Check if volume Is Hibernated:
14:312  0:007  - [07]: 'Recovery HD'
14:312  0:000          AddLoaderEntry for Volume Name=Recovery HD
14:369  0:057  Scanning legacy ...
14:369  0:000   3: 'Whole Disc Boot' (grub,linux) hidden
14:369  0:000  === [ AddCustomTool ] =====================================
14:384  0:014  found tool \EFI\CLOVER\tools\Shell64U.efi
14:384  0:000  Checking EFI partition Volume 1 for Clover
14:384  0:000   Found Clover
14:413  0:028  === [ GetEfiBootDeviceFromNvram ] =========================
14:413  0:000   - efi-boot-device-data: PcieRoot(0x0)\Pci(0x3,0x2)\VenHw(CF31FAC5-C24E-11D2-85F3-00A0C93EC93B,80)\HD(3,GPT,F2B5428C-C321-4BC7-80A9-FD7BA91B684C,0x12AB9A90,0x1283F0D8)
14:413  0:000    - Volume: 'PcieRoot(0x0)\Pci(0x3,0x2)\VenHw(CF31FAC5-C24E-11D2-85F3-00A0C93EC93B,80)\HD(3,GPT,F2B5428C-C321-4BC7-80A9-FD7BA91B684C,0x12AB9A90,0x1283F0D8)'
14:413  0:000    - LoaderPath: '<null string>'
14:413  0:000    - Guid = F2B5428C-C321-4BC7-80A9-FD7BA91B684C
14:413  0:000  === [ FindStartupDiskVolume ] =============================
14:413  0:000    - Volume: partition = PcieRoot(0x0)\Pci(0x3,0x2)\VenHw(CF31FAC5-C24E-11D2-85F3-00A0C93EC93B,80)\HD(3,GPT,F2B5428C-C321-4BC7-80A9-FD7BA91B684C,0x12AB9A90,0x1283F0D8)
14:413  0:000     - searching for that partition
14:413  0:000      - [!] not found
14:413  0:000     - searching again, but comparing Media dev path nodes
14:413  0:000      - [!] not found
14:413  0:000  Default boot entry not found
14:413  0:000  DefaultIndex=-1 and MainMenu.EntryCount=8
14:457  0:044  GUI ready
25:499  11:041  Found BIOS RSDP at FEC00
25:499  0:000  Saving ACPI tables from RSDP FEC00 to EFI\CLOVER\ACPI\origin ...
25:499  0:000   FEC00: 'RSD PTR ', Rev: 2 (Acpi 2.0 or newer), Len: 36 -> RSDP.aml
26:781  1:281    (Xsdt: FC5AB, Rsdt: FC53B)
26:781  0:000    FC5AB: 'XSDT', 'B9K', Rev: 1, Len: 140 -> XSDT.aml
27:076  0:295    FC53B: 'RSDT', 'B9K', Rev: 1, Len: 88 -> RSDT.aml
27:374  0:297    Tables in Xsdt: 13
27:374  0:000    0. FC6DB: 'FACP', 'B9K', Rev: 3, Len: 244 -> FACP.aml
27:668  0:294        (Dsdt: FFF7AB7B, Facs: BFDFF800, XDsdt: FFF7AB7B, XFacs: BFDFF800)
27:668  0:000        FFF7AB7B: 'DSDT', 'dt_ex', Rev: 1, Len: 17814 -> DSDT.aml
28:903  1:234        BFDFF800: 'FACS', Ver: 0, Len: 64 -> FACS.aml
29:853  0:949    1. FFF7F230: 'SSDT', 'st_ex', Rev: 1, Len: 170 -> SSDT-0-st_ex.aml
30:155  0:302    2. FC7CF: 'APIC', 'B9K', Rev: 1, Len: 146 -> APIC.aml
30:452  0:296    3. FC861: 'BOOT', 'B9K', Rev: 1, Len: 40 -> BOOT.aml
31:583  1:131    4. FC889: 'ASF!', 'B9K', Rev: 32, Len: 150 -> ASF!.aml
31:880  0:296    5. FC91F: 'MCFG', 'B9K', Rev: 1, Len: 62 -> MCFG.aml
33:012  1:131    6. FC95D: 'HPET', 'B9K', Rev: 1, Len: 56 -> HPET.aml
34:158  1:146    7. FCBB9: 'TCPA', 'B9K', Rev: 1, Len: 50 -> TCPA.aml
34:513  0:354    8. FCBEB: 'DMAR', 'B9K', Rev: 1, Len: 168 -> DMAR.aml
34:788  0:274    9. FC995: 'SLIC', 'B9K', Rev: 1, Len: 374 -> SLIC.aml
35:069  0:281    10. BFDFF840: 'SSDT', 'Cpu0Ist', Rev: 1, Len: 505 -> SSDT-1-Cpu0Ist.aml
35:345  0:276    11. BFDFFC49: 'SSDT', 'Cpu1Ist', Rev: 1, Len: 505 -> SSDT-2-Cpu1Ist.aml
35:624  0:279    12. BFE00052: 'SSDT', 'CpuPm', Rev: 1, Len: 320 -> SSDT-3-CpuPm.aml (Found hidden SSDT 4 pcs)
35:900  0:275        * BFDFF840: 'SSDT', 'Cpu0Ist', Rev: 1, Len: 505  53 53 44 54 F9 01 00 00 01 07 44 70 67 50 6D 6D 
35:900  0:000        * BFDFFC49: 'SSDT', 'Cpu1Ist', Rev: 1, Len: 505  53 53 44 54 F9 01 00 00 01 03 44 70 67 50 6D 6D 
35:900  0:000        * 80000000: '', '', Rev: 0, Len: 0  00 00 00 00 00 00 00 00 00 00 00 00 00 00 00 00 
35:900  0:000        * 80000000: '', '', Rev: 0, Len: 0  00 00 00 00 00 00 00 00 00 00 00 00 00 00 00 00 
35:900  0:000  
35:900  0:000    Tables in Rsdt: 13
35:900  0:000    0. FC667: 'FACP', 'B9K', Rev: 1, Len: 116 -> RSDT-FACP.aml
36:178  0:277        (Dsdt: FFF7AB7B, Facs: BFDFF800)
36:178  0:000        FFF7AB7B: 'DSDT', 'dt_ex', Rev: 1, Len: 17814
36:927  0:748        BFDFF800: 'FACS', Ver: 0, Len: 64
36:927  0:000    1. FFF7F230: 'SSDT', 'st_ex', Rev: 1, Len: 170
36:927  0:000    2. FC861: 'BOOT', 'B9K', Rev: 1, Len: 40
36:927  0:000    3. FC889: 'ASF!', 'B9K', Rev: 32, Len: 150
36:927  0:000    4. FC91F: 'MCFG', 'B9K', Rev: 1, Len: 62
36:927  0:000    5. FC95D: 'HPET', 'B9K', Rev: 1, Len: 56
36:927  0:000    6. FCBEB: 'DMAR', 'B9K', Rev: 1, Len: 168
36:927  0:000    7. FCBB9: 'TCPA', 'B9K', Rev: 1, Len: 50
36:927  0:000    8. FC7CF: 'APIC', 'B9K', Rev: 1, Len: 146
36:927  0:000    9. FC995: 'SLIC', 'B9K', Rev: 1, Len: 374
36:927  0:000    10. BFDFF840: 'SSDT', 'Cpu0Ist', Rev: 1, Len: 505
36:927  0:000    11. BFDFFC49: 'SSDT', 'Cpu1Ist', Rev: 1, Len: 505
36:927  0:000    12. BFE00052: 'SSDT', 'CpuPm', Rev: 1, Len: 320
36:927  0:000  Found UEFI Acpi 2.0 RSDP at BFA2F000
36:927  0:000  Printing ACPI tables from RSDP BFA2F000 ...
36:927  0:000   BFA2F000: 'RSD PTR ', Rev: 2 (Acpi 2.0 or newer), Len: 36
36:927  0:000    (Xsdt: FC5AB, Rsdt: FC53B)
36:927  0:000    FC5AB: 'XSDT', 'B9K', Rev: 1, Len: 140
36:927  0:000    FC53B: 'RSDT', 'B9K', Rev: 1, Len: 88
36:927  0:000    Tables in Xsdt: 13
36:927  0:000    0. FC6DB: 'FACP', 'B9K', Rev: 3, Len: 244
36:927  0:000        (Dsdt: FFF7AB7B, Facs: BFDFF800, XDsdt: FFF7AB7B, XFacs: BFDFF800)
36:927  0:000        FFF7AB7B: 'DSDT', 'dt_ex', Rev: 1, Len: 17814
37:676  0:749        BFDFF800: 'FACS', Ver: 0, Len: 64
37:676  0:000    1. FFF7F230: 'SSDT', 'st_ex', Rev: 1, Len: 170
37:676  0:000    2. FC7CF: 'APIC', 'B9K', Rev: 1, Len: 146
37:676  0:000    3. FC861: 'BOOT', 'B9K', Rev: 1, Len: 40
37:676  0:000    4. FC889: 'ASF!', 'B9K', Rev: 32, Len: 150
37:676  0:000    5. FC91F: 'MCFG', 'B9K', Rev: 1, Len: 62
37:676  0:000    6. FC95D: 'HPET', 'B9K', Rev: 1, Len: 56
37:676  0:000    7. FCBB9: 'TCPA', 'B9K', Rev: 1, Len: 50
37:676  0:000    8. FCBEB: 'DMAR', 'B9K', Rev: 1, Len: 168
37:676  0:000    9. FC995: 'SLIC', 'B9K', Rev: 1, Len: 374
37:676  0:000    10. BFDFF840: 'SSDT', 'Cpu0Ist', Rev: 1, Len: 505
37:676  0:000    11. BFDFFC49: 'SSDT', 'Cpu1Ist', Rev: 1, Len: 505
37:676  0:000    12. BFE00052: 'SSDT', 'CpuPm', Rev: 1, Len: 320
37:676  0:000    Tables in Rsdt: 13
37:676  0:000    0. FC667: 'FACP', 'B9K', Rev: 1, Len: 116
37:676  0:000        (Dsdt: FFF7AB7B, Facs: BFDFF800)
37:676  0:000        FFF7AB7B: 'DSDT', 'dt_ex', Rev: 1, Len: 17814
38:425  0:749        BFDFF800: 'FACS', Ver: 0, Len: 64
38:425  0:000    1. FFF7F230: 'SSDT', 'st_ex', Rev: 1, Len: 170
38:425  0:000    2. FC861: 'BOOT', 'B9K', Rev: 1, Len: 40
38:425  0:000    3. FC889: 'ASF!', 'B9K', Rev: 32, Len: 150
38:425  0:000    4. FC91F: 'MCFG', 'B9K', Rev: 1, Len: 62
38:425  0:000    5. FC95D: 'HPET', 'B9K', Rev: 1, Len: 56
38:425  0:000    6. FCBEB: 'DMAR', 'B9K', Rev: 1, Len: 168
38:425  0:000    7. FCBB9: 'TCPA', 'B9K', Rev: 1, Len: 50
38:425  0:000    8. FC7CF: 'APIC', 'B9K', Rev: 1, Len: 146
38:425  0:000    9. FC995: 'SLIC', 'B9K', Rev: 1, Len: 374
38:425  0:000    10. BFDFF840: 'SSDT', 'Cpu0Ist', Rev: 1, Len: 505
38:425  0:000    11. BFDFFC49: 'SSDT', 'Cpu1Ist', Rev: 1, Len: 505
38:425  0:000    12. BFE00052: 'SSDT', 'CpuPm', Rev: 1, Len: 320
